#
# A fatal error has been detected by the Java Runtime Environment:
#
#  SIGSEGV (0xb) at pc=0x00007fff81bb3097, pid=2718, tid=1287
#
# JRE version: Java(TM) SE Runtime Environment (7.0_45-b18) (build 1.7.0_45-b18)
# Java VM: Java HotSpot(TM) 64-Bit Server VM (24.45-b08 mixed mode bsd-amd64 compressed oops)
# Problematic frame:
# C  [libobjc.A.dylib+0x5097]  objc_msgSend+0x17
#
# Failed to write core dump. Core dumps have been disabled. To enable core dumping, try "ulimit -c unlimited" before starting Java again
#
# If you would like to submit a bug report, please visit:
#   http://bugreport.sun.com/bugreport/crash.jsp
# The crash happened outside the Java Virtual Machine in native code.
# See problematic frame for where to report the bug.
#

---------------  T H R E A D  ---------------

Current thread (0x00007f993311b000):  JavaThread "AppKit Thread" daemon [_thread_in_native, id=1287, stack(0x00007fff5e5d1000,0x00007fff5e651000)]

siginfo:si_signo=SIGSEGV: si_errno=0, si_code=0 (SEGV0), si_addr=0x0000000000000000

Registers:
RAX=0x00007f9932f336c0, RBX=0x00000000000f42ec, RCX=0x0000000000000000, RDX=0x00007f9932c91550
RSP=0x00007fff5e64c2a8, RBP=0x00007fff5e64c2b0, RSI=0x00007fff8c5ebb9f, RDI=0x00007f9932f336c0
R8 =0x0000000000000040, R9 =0x00007fff5e64c200, R10=0x00007fff8c5ebb9f, R11=0x7000000000000000
R12=0x00000000000f42ec, R13=0x00007fff5e64c478, R14=0x00007f9932c41c90, R15=0x00007fff5e64c3d8
RIP=0x00007fff81bb3097, EFLAGS=0x0000000000010246, ERR=0x0000000000000000
  TRAPNO=0x000000000000000d

Top of Stack: (sp=0x00007fff5e64c2a8)
0x00007fff5e64c2a8:   00007fff88ac1e0c 00007fff5e64c610
0x00007fff5e64c2b8:   00007fff889b582d 0000000000000003
0x00007fff5e64c2c8:   00000001015cce00 00007fff5e64c310
0x00007fff5e64c2d8:   00007fff8cc9c272 0000000000000798
0x00007fff5e64c2e8:   00000000000f42ee 0000000000000002
0x00007fff5e64c2f8:   00007f9932f34490 00007f9932f33dd0
0x00007fff5e64c308:   00007f9932d09560 00007f9932c91550
0x00007fff5e64c318:   00007fff5e64c3d0 0000000000000000
0x00007fff5e64c328:   00000000000f42ec 0000000000000051
0x00007fff5e64c338:   00007fff5e64c450 0000000000000000
0x00007fff5e64c348:   0000000000000001 00007f9932d09550
0x00007fff5e64c358:   000000000000004f 00000000000283a4
0x00007fff5e64c368:   0000010000000000 00007fff7367ba60
0x00007fff5e64c378:   0000206000ce16ea ff80000000001002
0x00007fff5e64c388:   0000000000000000 00007fff5e64c468
0x00007fff5e64c398:   00007fff5e64c448 00007fff7367ba48
0x00007fff5e64c3a8:   0000000000000000 0000000000000016
0x00007fff5e64c3b8:   00007fff8dce16ea 00007fff730b5d38
0x00007fff5e64c3c8:   0000000000000000 00007f9932f34510
0x00007fff5e64c3d8:   00007f9932c41c90 00007fff8d13ab08
0x00007fff5e64c3e8:   0000000000000000 00007fff5e64c4b0
0x00007fff5e64c3f8:   00007fff8e467dde 00007fff7321b0d0
0x00007fff5e64c408:   0000000042000000 00007fff8e4701d1
0x00007fff5e64c418:   00007fff73657b40 00007fff5e64c518
0x00007fff5e64c428:   00007fff5e64c448 00007fff5e64c468
0x00007fff5e64c438:   0000000000000000 00000001015c8001
0x00007fff5e64c448:   0000000000000000 000000000000004d
0x00007fff5e64c458:   0000000000000000 00000000000f42e2
0x00007fff5e64c468:   000000000000004f 0000000000000000
0x00007fff5e64c478:   00000000000f42ec 000000015e64c520
0x00007fff5e64c488:   00007fff8dce2261 00007fff71110748
0x00007fff5e64c498:   00007fff7111074c 000000007110c1b8 

Instructions: (pc=0x00007fff81bb3097)
0x00007fff81bb3077:   90 90 90 90 90 90 90 90 90 48 85 ff 2e 74 72 40
0x00007fff81bb3087:   f6 c7 01 2e 0f 85 7e 00 00 00 4c 8b 1f 49 89 f2
0x00007fff81bb3097:   45 23 53 18 49 c1 e2 04 4d 03 53 10 49 3b 32 75
0x00007fff81bb30a7:   04 41 ff 62 08 49 83 3a 00 74 74 4d 3b 53 10 74 

Register to memory mapping:

RAX=0x00007f9932f336c0 is an unknown value
RBX=0x00000000000f42ec is an unknown value
RCX=0x0000000000000000 is an unknown value
RDX=0x00007f9932c91550 is an unknown value
RSP=0x00007fff5e64c2a8 is pointing into the stack for thread: 0x00007f993311b000
RBP=0x00007fff5e64c2b0 is pointing into the stack for thread: 0x00007f993311b000
RSI=0x00007fff8c5ebb9f: NSAppKitVersionNumber+0x5358f in /System/Library/Frameworks/AppKit.framework/Versions/C/AppKit at 0x00007fff8bb48000
RDI=0x00007f9932f336c0 is an unknown value
R8 =0x0000000000000040 is an unknown value
R9 =0x00007fff5e64c200 is pointing into the stack for thread: 0x00007f993311b000
R10=0x00007fff8c5ebb9f: NSAppKitVersionNumber+0x5358f in /System/Library/Frameworks/AppKit.framework/Versions/C/AppKit at 0x00007fff8bb48000
R11=0x7000000000000000 is an unknown value
R12=0x00000000000f42ec is an unknown value
R13=0x00007fff5e64c478 is pointing into the stack for thread: 0x00007f993311b000
R14=0x00007f9932c41c90 is an unknown value
R15=0x00007fff5e64c3d8 is pointing into the stack for thread: 0x00007f993311b000


Stack: [0x00007fff5e5d1000,0x00007fff5e651000],  sp=0x00007fff5e64c2a8,  free space=492k
Native frames: (J=compiled Java code, j=interpreted, Vv=VM code, C=native code)
C  [libobjc.A.dylib+0x5097]  objc_msgSend+0x17
C  [CoreFoundation+0x1082d]  _CFXNotificationPost+0xb4d
C  [Foundation+0x27ba]  -[NSNotificationCenter postNotificationName:object:userInfo:]+0x44
C  [AppKit+0x10f5a9]  -[NSSurface _disposeSurface]+0x98
C  [AppKit+0x10f045]  -[NSSurface setWindow:]+0x46
C  [AppKit+0x3af27]  -[NSView _setWindow:]+0x8ea
C  [AppKit+0x3bf7a]  -[NSView removeFromSuperview]+0x15e
C  [AppKit+0x986e9]  -[NSView removeFromSuperviewWithoutNeedingDisplay]+0x26
C  [liblwjgl.dylib+0x9c3e]  +[MacOSXKeyableWindow destroyWindow]+0xde
C  [Foundation+0x6313e]  __NSThreadPerformPerform+0xe5
C  [CoreFoundation+0x7f5b1]  __CFRUNLOOP_IS_CALLING_OUT_TO_A_SOURCE0_PERFORM_FUNCTION__+0x11
C  [CoreFoundation+0x70c62]  __CFRunLoopDoSources0+0xf2
C  [CoreFoundation+0x703ef]  __CFRunLoopRun+0x33f
C  [CoreFoundation+0x6fe75]  CFRunLoopRunSpecific+0x135
C  [HIToolbox+0x2ea0d]  RunCurrentEventLoopInMode+0xe2
C  [HIToolbox+0x2e7b7]  ReceiveNextEventCommon+0x1df
C  [HIToolbox+0x2e5bc]  _BlockUntilNextEventMatchingListInModeWithFilter+0x41
C  [AppKit+0x2424e]  _DPSNextEvent+0x59a
C  [AppKit+0x2389b]  -[NSApplication nextEventMatchingMask:untilDate:inMode:dequeue:]+0x7a
C  [libosxapp.dylib+0x16f4]  -[NSApplicationAWT nextEventMatchingMask:untilDate:inMode:dequeue:]+0x7c
C  [AppKit+0x1799c]  -[NSApplication run]+0x229
C  [libosxapp.dylib+0x1557]  +[NSApplicationAWT runAWTLoopWithApp:]+0x9c
C  [liblwawt.dylib+0xdba9]  -[AWTStarter starter:]+0x369
C  [Foundation+0x6313e]  __NSThreadPerformPerform+0xe5
C  [CoreFoundation+0x7f5b1]  __CFRUNLOOP_IS_CALLING_OUT_TO_A_SOURCE0_PERFORM_FUNCTION__+0x11
C  [CoreFoundation+0x70c62]  __CFRunLoopDoSources0+0xf2
C  [CoreFoundation+0x703ef]  __CFRunLoopRun+0x33f
C  [CoreFoundation+0x6fe75]  CFRunLoopRunSpecific+0x135
C  [java+0x73b0]  CreateExecutionEnvironment+0x367
C  [java+0x1b5c]  JLI_Launch+0x7a0
C  [java+0x770d]  main+0x65
C  [java+0x13b4]  start+0x34


---------------  P R O C E S S  ---------------

Java Threads: ( => current thread )
  0x00007f993480c000 JavaThread "AWT-Shutdown" [_thread_blocked, id=26391, stack(0x000000010be12000,0x000000010bf12000)]
  0x00007f993300e800 JavaThread "DestroyJavaVM" [_thread_blocked, id=6403, stack(0x00000001016c4000,0x00000001017c4000)]
  0x00007f9933125000 JavaThread "LWJGL Application" [_thread_in_native, id=62723, stack(0x000000010edfd000,0x000000010eefd000)]
=>0x00007f993311b000 JavaThread "AppKit Thread" daemon [_thread_in_native, id=1287, stack(0x00007fff5e5d1000,0x00007fff5e651000)]
  0x00007f9933041800 JavaThread "Service Thread" daemon [_thread_blocked, id=19203, stack(0x000000010a1c5000,0x000000010a2c5000)]
  0x00007f9933041000 JavaThread "C2 CompilerThread1" daemon [_thread_blocked, id=18691, stack(0x000000010a0c2000,0x000000010a1c2000)]
  0x00007f993301a000 JavaThread "C2 CompilerThread0" daemon [_thread_blocked, id=18179, stack(0x0000000109fbf000,0x000000010a0bf000)]
  0x00007f9933039800 JavaThread "Signal Dispatcher" daemon [_thread_blocked, id=17667, stack(0x0000000109ebc000,0x0000000109fbc000)]
  0x00007f993382a800 JavaThread "Finalizer" daemon [_thread_blocked, id=12547, stack(0x0000000109c6d000,0x0000000109d6d000)]
  0x00007f9934006000 JavaThread "Reference Handler" daemon [_thread_blocked, id=12035, stack(0x0000000109b6a000,0x0000000109c6a000)]

Other Threads:
  0x00007f9933824800 VMThread [stack: 0x0000000109a67000,0x0000000109b67000] [id=11523]
  0x00007f9933052800 WatcherThread [stack: 0x000000010a2c8000,0x000000010a3c8000] [id=19715]

VM state:not at safepoint (normal execution)

VM Mutex/Monitor currently owned by a thread: None

Heap
 PSYoungGen      total 19456K, used 12530K [0x00000007eaa80000, 0x00000007ec000000, 0x0000000800000000)
  eden space 16896K, 59% used [0x00000007eaa80000,0x00000007eb43feb0,0x00000007ebb00000)
  from space 2560K, 99% used [0x00000007ebb00000,0x00000007ebd7ca18,0x00000007ebd80000)
  to   space 2560K, 0% used [0x00000007ebd80000,0x00000007ebd80000,0x00000007ec000000)
 ParOldGen       total 43520K, used 654K [0x00000007c0000000, 0x00000007c2a80000, 0x00000007eaa80000)
  object space 43520K, 1% used [0x00000007c0000000,0x00000007c00a3808,0x00000007c2a80000)
 PSPermGen       total 21504K, used 8548K [0x00000007bae00000, 0x00000007bc300000, 0x00000007c0000000)
  object space 21504K, 39% used [0x00000007bae00000,0x00000007bb659008,0x00000007bc300000)

Card table byte_map: [0x0000000105b43000,0x0000000105d6d000] byte_map_base: 0x0000000101d6c000

Polling page: 0x00000001017d3000

Code Cache  [0x0000000102a83000, 0x0000000102cf3000, 0x0000000105a83000)
 total_blobs=515 nmethods=150 adapters=319 free_code_cache=48296Kb largest_free_block=49436352

Compilation events (10 events):
Event: 24.955 Thread 0x00007f9933041000  146             java.nio.DirectIntBufferU::get (16 bytes)
Event: 24.956 Thread 0x00007f9933041000 nmethod 146 0x0000000102b57890 code [0x0000000102b579c0, 0x0000000102b57a58]
Event: 27.072 Thread 0x00007f993301a000  148   !         org.lwjgl.opengl.Display::isFullscreen (34 bytes)
Event: 27.074 Thread 0x00007f993301a000 nmethod 148 0x0000000102b57410 code [0x0000000102b57560, 0x0000000102b577d8]
Event: 27.722 Thread 0x00007f9933041000  149             com.badlogic.gdx.graphics.g2d.ParticleEmitter$GradientColorValue::getColor (208 bytes)
Event: 27.729 Thread 0x00007f9933041000 nmethod 149 0x0000000102b56b50 code [0x0000000102b56cc0, 0x0000000102b570b8]
Event: 29.672 Thread 0x00007f9933041000  151             com.badlogic.gdx.graphics.g2d.BitmapFontCache::draw (68 bytes)
Event: 29.672 Thread 0x00007f993301a000  150             com.badlogic.gdx.graphics.g2d.BitmapFontCache::clear (58 bytes)
Event: 29.675 Thread 0x00007f993301a000 nmethod 150 0x0000000102b56810 code [0x0000000102b56960, 0x0000000102b56a38]
Event: 29.678 Thread 0x00007f9933041000 nmethod 151 0x0000000102b4c7d0 code [0x0000000102b4c940, 0x0000000102b4cbc8]

GC Heap History (2 events):
Event: 0.915 GC heap before
{Heap before GC invocations=1 (full 0):
 PSYoungGen      total 19456K, used 16896K [0x00000007eaa80000, 0x00000007ec000000, 0x0000000800000000)
  eden space 16896K, 100% used [0x00000007eaa80000,0x00000007ebb00000,0x00000007ebb00000)
  from space 2560K, 0% used [0x00000007ebd80000,0x00000007ebd80000,0x00000007ec000000)
  to   space 2560K, 0% used [0x00000007ebb00000,0x00000007ebb00000,0x00000007ebd80000)
 ParOldGen       total 43520K, used 0K [0x00000007c0000000, 0x00000007c2a80000, 0x00000007eaa80000)
  object space 43520K, 0% used [0x00000007c0000000,0x00000007c0000000,0x00000007c2a80000)
 PSPermGen       total 21504K, used 7454K [0x00000007bae00000, 0x00000007bc300000, 0x00000007c0000000)
  object space 21504K, 34% used [0x00000007bae00000,0x00000007bb547a20,0x00000007bc300000)
Event: 0.922 GC heap after
Heap after GC invocations=1 (full 0):
 PSYoungGen      total 19456K, used 2546K [0x00000007eaa80000, 0x00000007ec000000, 0x0000000800000000)
  eden space 16896K, 0% used [0x00000007eaa80000,0x00000007eaa80000,0x00000007ebb00000)
  from space 2560K, 99% used [0x00000007ebb00000,0x00000007ebd7ca18,0x00000007ebd80000)
  to   space 2560K, 0% used [0x00000007ebd80000,0x00000007ebd80000,0x00000007ec000000)
 ParOldGen       total 43520K, used 654K [0x00000007c0000000, 0x00000007c2a80000, 0x00000007eaa80000)
  object space 43520K, 1% used [0x00000007c0000000,0x00000007c00a3808,0x00000007c2a80000)
 PSPermGen       total 21504K, used 7454K [0x00000007bae00000, 0x00000007bc300000, 0x00000007c0000000)
  object space 21504K, 34% used [0x00000007bae00000,0x00000007bb547a20,0x00000007bc300000)
}

Deoptimization events (7 events):
Event: 0.744 Thread 0x00007f9933125000 Uncommon trap: reason=unloaded action=reinterpret pc=0x0000000102b08a04 method=com.badlogic.gdx.graphics.g2d.freetype.FreeTypeFontGenerator.generateData(Lcom/badlogic/gdx/graphics/g2d/freetype/FreeTypeFontGenerator$FreeTypeFontParameter;)Lcom/badlogic/gdx
Event: 1.010 Thread 0x00007f9933125000 Uncommon trap: reason=unreached action=reinterpret pc=0x0000000102b0d900 method=com.badlogic.gdx.assets.AssetLoadingTask.update()Z @ 35
Event: 1.011 Thread 0x00007f9933125000 Uncommon trap: reason=unreached action=reinterpret pc=0x0000000102b1fc64 method=com.badlogic.gdx.assets.AssetLoadingTask.handleAsyncLoader()V @ 19
Event: 1.044 Thread 0x00007f9933125000 Uncommon trap: reason=unreached action=reinterpret pc=0x0000000102b23dcc method=com.badlogic.gdx.assets.AssetLoadingTask.update()Z @ 35
Event: 1.044 Thread 0x00007f9933125000 Uncommon trap: reason=unreached action=reinterpret pc=0x0000000102b227d0 method=com.badlogic.gdx.assets.AssetLoadingTask.handleAsyncLoader()V @ 19
Event: 1.213 Thread 0x00007f9933125000 Uncommon trap: reason=unreached action=reinterpret pc=0x0000000102b2ce0c method=com.badlogic.gdx.assets.AssetLoadingTask.update()Z @ 17
Event: 1.233 Thread 0x00007f9933125000 Uncommon trap: reason=unloaded action=reinterpret pc=0x0000000102b22150 method=com.ict.DicteriousGame.create()V @ 318

Internal exceptions (10 events):
Event: 5.299 Thread 0x00007f9933125000 Threw 0x00000007eafbb0b0 at /HUDSON/workspace/7u-2-build-macosx-x86_64/jdk7u45/229/hotspot/src/share/vm/prims/jvm.cpp:1244
Event: 5.299 Thread 0x00007f9933125000 Threw 0x00000007eafc0a90 at /HUDSON/workspace/7u-2-build-macosx-x86_64/jdk7u45/229/hotspot/src/share/vm/prims/jvm.cpp:1244
Event: 5.300 Thread 0x00007f9933125000 Threw 0x00000007eafc68b0 at /HUDSON/workspace/7u-2-build-macosx-x86_64/jdk7u45/229/hotspot/src/share/vm/prims/jvm.cpp:1244
Event: 5.300 Thread 0x00007f9933125000 Threw 0x00000007eafcc140 at /HUDSON/workspace/7u-2-build-macosx-x86_64/jdk7u45/229/hotspot/src/share/vm/prims/jvm.cpp:1244
Event: 5.301 Thread 0x00007f9933125000 Threw 0x00000007eafd1c50 at /HUDSON/workspace/7u-2-build-macosx-x86_64/jdk7u45/229/hotspot/src/share/vm/prims/jvm.cpp:1244
Event: 18.621 Thread 0x00007f9933125000 Threw 0x00000007eb158be0 at /HUDSON/workspace/7u-2-build-macosx-x86_64/jdk7u45/229/hotspot/src/share/vm/prims/jvm.cpp:1244
Event: 18.622 Thread 0x00007f9933125000 Threw 0x00000007eb15f3e0 at /HUDSON/workspace/7u-2-build-macosx-x86_64/jdk7u45/229/hotspot/src/share/vm/prims/jvm.cpp:1244
Event: 34.172 Thread 0x00007f9933125000 Threw 0x00000007eb4236f0 at /HUDSON/workspace/7u-2-build-macosx-x86_64/jdk7u45/229/hotspot/src/share/vm/prims/jvm.cpp:1244
Event: 34.178 Thread 0x00007f9933125000 Threw 0x00000007eb429be0 at /HUDSON/workspace/7u-2-build-macosx-x86_64/jdk7u45/229/hotspot/src/share/vm/prims/jvm.cpp:1244
Event: 34.190 Thread 0x00007f9933125000 Threw 0x00000007eb431eb8 at /HUDSON/workspace/7u-2-build-macosx-x86_64/jdk7u45/229/hotspot/src/share/vm/prims/jvm.cpp:1244

Events (10 events):
Event: 28.675 Thread 0x00007f9933830000 Thread exited: 0x00007f9933830000
Event: 29.306 Thread 0x00007f993480c000 Thread added: 0x00007f993480c000
Event: 34.172 loading class 0x00007f9932f06b70
Event: 34.172 loading class 0x00007f9932f06b70 done
Event: 34.173 Thread 0x00007f99331c4000 Thread exited: 0x00007f99331c4000
Event: 34.178 loading class 0x00007f9932d2a0a0
Event: 34.178 loading class 0x00007f9932d2a0a0 done
Event: 34.180 Thread 0x00007f99340e0800 Thread exited: 0x00007f99340e0800
Event: 34.190 loading class 0x00007f9932f31dc0
Event: 34.190 loading class 0x00007f9932f31dc0 done


Dynamic libraries:
0x0000000000f36000 	/System/Library/Frameworks/Cocoa.framework/Versions/A/Cocoa
0x0000000000f36000 	/System/Library/Frameworks/Security.framework/Versions/A/Security
0x0000000000f36000 	/System/Library/Frameworks/ApplicationServices.framework/Versions/A/ApplicationServices
0x0000000000f36000 	/usr/lib/libz.1.dylib
0x0000000000f36000 	/usr/lib/libSystem.B.dylib
0x0000000000f36000 	/usr/lib/libobjc.A.dylib
0x0000000000f36000 	/System/Library/Frameworks/CoreFoundation.framework/Versions/A/CoreFoundation
0x0000000000f36000 	/System/Library/Frameworks/Foundation.framework/Versions/C/Foundation
0x0000000000f36000 	/System/Library/Frameworks/AppKit.framework/Versions/C/AppKit
0x0000000000f36000 	/System/Library/Frameworks/CoreData.framework/Versions/A/CoreData
0x0000000000f36000 	/System/Library/PrivateFrameworks/RemoteViewServices.framework/Versions/A/RemoteViewServices
0x0000000000f36000 	/System/Library/Frameworks/AudioToolbox.framework/Versions/A/AudioToolbox
0x0000000000f36000 	/System/Library/Frameworks/AudioUnit.framework/Versions/A/AudioUnit
0x0000000000f36000 	/System/Library/PrivateFrameworks/DataDetectorsCore.framework/Versions/A/DataDetectorsCore
0x0000000000f36000 	/System/Library/PrivateFrameworks/DesktopServicesPriv.framework/Versions/A/DesktopServicesPriv
0x0000000000f36000 	/System/Library/Frameworks/Carbon.framework/Versions/A/Frameworks/HIToolbox.framework/Versions/A/HIToolbox
0x0000000000f36000 	/System/Library/Frameworks/QuartzCore.framework/Versions/A/QuartzCore
0x0000000000f36000 	/System/Library/Frameworks/Carbon.framework/Versions/A/Frameworks/SpeechRecognition.framework/Versions/A/SpeechRecognition
0x0000000000f36000 	/usr/lib/libauto.dylib
0x0000000000f36000 	/usr/lib/libicucore.A.dylib
0x0000000000f36000 	/usr/lib/libxml2.2.dylib
0x0000000000f36000 	/System/Library/PrivateFrameworks/CoreUI.framework/Versions/A/CoreUI
0x0000000000f36000 	/System/Library/Frameworks/CoreAudio.framework/Versions/A/CoreAudio
0x0000000000f36000 	/System/Library/Frameworks/DiskArbitration.framework/Versions/A/DiskArbitration
0x0000000000f36000 	/usr/lib/liblangid.dylib
0x0000000000f36000 	/System/Library/PrivateFrameworks/MultitouchSupport.framework/Versions/A/MultitouchSupport
0x0000000000f36000 	/System/Library/Frameworks/IOKit.framework/Versions/A/IOKit
0x0000000000f36000 	/usr/lib/libDiagnosticMessagesClient.dylib
0x0000000000f36000 	/System/Library/Frameworks/CoreServices.framework/Versions/A/CoreServices
0x0000000000f36000 	/System/Library/PrivateFrameworks/PerformanceAnalysis.framework/Versions/A/PerformanceAnalysis
0x0000000000f36000 	/System/Library/PrivateFrameworks/GenerationalStorage.framework/Versions/A/GenerationalStorage
0x0000000000f36000 	/System/Library/Frameworks/OpenGL.framework/Versions/A/OpenGL
0x0000000000f36000 	/System/Library/PrivateFrameworks/Sharing.framework/Versions/A/Sharing
0x0000000000f36000 	/System/Library/Frameworks/ImageIO.framework/Versions/A/ImageIO
0x0000000000f36000 	/System/Library/Frameworks/CoreText.framework/Versions/A/CoreText
0x0000000000f36000 	/System/Library/Frameworks/CoreGraphics.framework/Versions/A/CoreGraphics
0x0000000000f36000 	/System/Library/PrivateFrameworks/Backup.framework/Versions/A/Backup
0x0000000000f36000 	/System/Library/Frameworks/CFNetwork.framework/Versions/A/CFNetwork
0x0000000000f36000 	/System/Library/Frameworks/SystemConfiguration.framework/Versions/A/SystemConfiguration
0x0000000000f36000 	/usr/lib/libCRFSuite.dylib
0x0000000000f36000 	/usr/lib/libc++.1.dylib
0x0000000000f36000 	/usr/lib/libc++abi.dylib
0x0000000000f36000 	/usr/lib/system/libcache.dylib
0x0000000000f36000 	/usr/lib/system/libcommonCrypto.dylib
0x0000000000f36000 	/usr/lib/system/libcompiler_rt.dylib
0x0000000000f36000 	/usr/lib/system/libcopyfile.dylib
0x0000000000f36000 	/usr/lib/system/libcorecrypto.dylib
0x0000000000f36000 	/usr/lib/system/libdispatch.dylib
0x0000000000f36000 	/usr/lib/system/libdyld.dylib
0x0000000000f36000 	/usr/lib/system/libkeymgr.dylib
0x0000000000f36000 	/usr/lib/system/liblaunch.dylib
0x0000000000f36000 	/usr/lib/system/libmacho.dylib
0x0000000000f36000 	/usr/lib/system/libquarantine.dylib
0x0000000000f36000 	/usr/lib/system/libremovefile.dylib
0x0000000000f36000 	/usr/lib/system/libsystem_asl.dylib
0x0000000000f36000 	/usr/lib/system/libsystem_blocks.dylib
0x0000000000f36000 	/usr/lib/system/libsystem_c.dylib
0x0000000000f36000 	/usr/lib/system/libsystem_configuration.dylib
0x0000000000f36000 	/usr/lib/system/libsystem_dnssd.dylib
0x0000000000f36000 	/usr/lib/system/libsystem_info.dylib
0x0000000000f36000 	/usr/lib/system/libsystem_kernel.dylib
0x0000000000f36000 	/usr/lib/system/libsystem_m.dylib
0x0000000000f36000 	/usr/lib/system/libsystem_malloc.dylib
0x0000000000f36000 	/usr/lib/system/libsystem_network.dylib
0x0000000000f36000 	/usr/lib/system/libsystem_notify.dylib
0x0000000000f36000 	/usr/lib/system/libsystem_platform.dylib
0x0000000000f36000 	/usr/lib/system/libsystem_pthread.dylib
0x0000000000f36000 	/usr/lib/system/libsystem_sandbox.dylib
0x0000000000f36000 	/usr/lib/system/libsystem_stats.dylib
0x0000000000f36000 	/usr/lib/system/libunc.dylib
0x0000000000f36000 	/usr/lib/system/libunwind.dylib
0x0000000000f36000 	/usr/lib/system/libxpc.dylib
0x0000000000f36000 	/usr/lib/libbsm.0.dylib
0x0000000000f36000 	/usr/lib/libsqlite3.dylib
0x0000000000f36000 	/usr/lib/libxar.1.dylib
0x0000000000f36000 	/usr/lib/libpam.2.dylib
0x0000000000f36000 	/usr/lib/libOpenScriptingUtil.dylib
0x0000000000f36000 	/usr/lib/libbz2.1.0.dylib
0x0000000000f36000 	/System/Library/Frameworks/CoreServices.framework/Versions/A/Frameworks/CarbonCore.framework/Versions/A/CarbonCore
0x0000000000f36000 	/System/Library/Frameworks/CoreServices.framework/Versions/A/Frameworks/Metadata.framework/Versions/A/Metadata
0x0000000000f36000 	/System/Library/Frameworks/CoreServices.framework/Versions/A/Frameworks/OSServices.framework/Versions/A/OSServices
0x0000000000f36000 	/System/Library/Frameworks/CoreServices.framework/Versions/A/Frameworks/SearchKit.framework/Versions/A/SearchKit
0x0000000000f36000 	/System/Library/Frameworks/CoreServices.framework/Versions/A/Frameworks/AE.framework/Versions/A/AE
0x0000000000f36000 	/System/Library/Frameworks/CoreServices.framework/Versions/A/Frameworks/LaunchServices.framework/Versions/A/LaunchServices
0x0000000000f36000 	/System/Library/Frameworks/CoreServices.framework/Versions/A/Frameworks/DictionaryServices.framework/Versions/A/DictionaryServices
0x0000000000f36000 	/System/Library/Frameworks/NetFS.framework/Versions/A/NetFS
0x0000000000f36000 	/usr/lib/system/libkxld.dylib
0x0000000000f36000 	/System/Library/PrivateFrameworks/NetAuth.framework/Versions/A/NetAuth
0x0000000000f36000 	/System/Library/PrivateFrameworks/TCC.framework/Versions/A/TCC
0x0000000000f36000 	/System/Library/Frameworks/OpenDirectory.framework/Versions/A/Frameworks/CFOpenDirectory.framework/Versions/A/CFOpenDirectory
0x0000000000f36000 	/System/Library/Frameworks/ServiceManagement.framework/Versions/A/ServiceManagement
0x0000000000f36000 	/usr/lib/libxslt.1.dylib
0x0000000000f36000 	/System/Library/Frameworks/Carbon.framework/Versions/A/Frameworks/Ink.framework/Versions/A/Ink
0x0000000000f36000 	/System/Library/Frameworks/ApplicationServices.framework/Versions/A/Frameworks/ATS.framework/Versions/A/ATS
0x0000000000f36000 	/System/Library/Frameworks/ApplicationServices.framework/Versions/A/Frameworks/ColorSync.framework/Versions/A/ColorSync
0x0000000000f36000 	/System/Library/Frameworks/ApplicationServices.framework/Versions/A/Frameworks/HIServices.framework/Versions/A/HIServices
0x0000000000f36000 	/System/Library/Frameworks/ApplicationServices.framework/Versions/A/Frameworks/LangAnalysis.framework/Versions/A/LangAnalysis
0x0000000000f36000 	/System/Library/Frameworks/ApplicationServices.framework/Versions/A/Frameworks/PrintCore.framework/Versions/A/PrintCore
0x0000000000f36000 	/System/Library/Frameworks/ApplicationServices.framework/Versions/A/Frameworks/QD.framework/Versions/A/QD
0x0000000000f36000 	/System/Library/Frameworks/ApplicationServices.framework/Versions/A/Frameworks/SpeechSynthesis.framework/Versions/A/SpeechSynthesis
0x0000000000f36000 	/System/Library/Frameworks/IOSurface.framework/Versions/A/IOSurface
0x0000000000f36000 	/System/Library/Frameworks/Accelerate.framework/Versions/A/Accelerate
0x0000000000f36000 	/System/Library/Frameworks/Accelerate.framework/Versions/A/Frameworks/vImage.framework/Versions/A/vImage
0x0000000000f36000 	/System/Library/Frameworks/Accelerate.framework/Versions/A/Frameworks/vecLib.framework/Versions/A/vecLib
0x0000000000f36000 	/System/Library/Frameworks/Accelerate.framework/Versions/A/Frameworks/vecLib.framework/Versions/A/libvDSP.dylib
0x0000000000f36000 	/System/Library/Frameworks/Accelerate.framework/Versions/A/Frameworks/vecLib.framework/Versions/A/libvMisc.dylib
0x0000000000f36000 	/System/Library/Frameworks/Accelerate.framework/Versions/A/Frameworks/vecLib.framework/Versions/A/libLAPACK.dylib
0x0000000000f36000 	/System/Library/Frameworks/Accelerate.framework/Versions/A/Frameworks/vecLib.framework/Versions/A/libBLAS.dylib
0x0000000000f36000 	/System/Library/Frameworks/ApplicationServices.framework/Versions/A/Frameworks/ATS.framework/Versions/A/Resources/libFontParser.dylib
0x0000000000f36000 	/System/Library/Frameworks/ApplicationServices.framework/Versions/A/Frameworks/ATS.framework/Versions/A/Resources/libFontRegistry.dylib
0x0000000000f36000 	/System/Library/Frameworks/ImageIO.framework/Versions/A/Resources/libJPEG.dylib
0x0000000000f36000 	/System/Library/Frameworks/ImageIO.framework/Versions/A/Resources/libTIFF.dylib
0x0000000000f36000 	/System/Library/Frameworks/ImageIO.framework/Versions/A/Resources/libPng.dylib
0x0000000000f36000 	/System/Library/Frameworks/ImageIO.framework/Versions/A/Resources/libGIF.dylib
0x0000000000f36000 	/System/Library/Frameworks/ImageIO.framework/Versions/A/Resources/libJP2.dylib
0x0000000000f36000 	/System/Library/Frameworks/ImageIO.framework/Versions/A/Resources/libRadiance.dylib
0x0000000000f36000 	/usr/lib/libcups.2.dylib
0x0000000000f36000 	/System/Library/Frameworks/Kerberos.framework/Versions/A/Kerberos
0x0000000000f36000 	/System/Library/Frameworks/GSS.framework/Versions/A/GSS
0x0000000000f36000 	/usr/lib/libresolv.9.dylib
0x0000000000f36000 	/usr/lib/libiconv.2.dylib
0x0000000000f36000 	/System/Library/PrivateFrameworks/Heimdal.framework/Versions/A/Heimdal
0x0000000000f36000 	/System/Library/PrivateFrameworks/TrustEvaluationAgent.framework/Versions/A/TrustEvaluationAgent
0x0000000000f36000 	/usr/lib/libheimdal-asn1.dylib
0x0000000000f36000 	/System/Library/Frameworks/OpenDirectory.framework/Versions/A/OpenDirectory
0x0000000000f36000 	/System/Library/PrivateFrameworks/CommonAuth.framework/Versions/A/CommonAuth
0x0000000000f36000 	/System/Library/Frameworks/SecurityFoundation.framework/Versions/A/SecurityFoundation
0x0000000000f36000 	/System/Library/PrivateFrameworks/Bom.framework/Versions/A/Bom
0x0000000000f36000 	/System/Library/Frameworks/CoreVideo.framework/Versions/A/CoreVideo
0x0000000000f36000 	/System/Library/Frameworks/QuartzCore.framework/Versions/A/Frameworks/CoreImage.framework/Versions/A/CoreImage
0x0000000000f36000 	/System/Library/Frameworks/QuartzCore.framework/Versions/A/Frameworks/ScalableUserInterface.framework/Versions/A/ScalableUserInterface
0x0000000000f36000 	/System/Library/Frameworks/OpenGL.framework/Versions/A/Libraries/libGLU.dylib
0x0000000000f36000 	/System/Library/Frameworks/OpenGL.framework/Versions/A/Libraries/libGFXShared.dylib
0x0000000000f36000 	/System/Library/Frameworks/OpenGL.framework/Versions/A/Libraries/libGL.dylib
0x0000000000f36000 	/System/Library/Frameworks/OpenGL.framework/Versions/A/Libraries/libGLImage.dylib
0x0000000000f36000 	/System/Library/Frameworks/OpenGL.framework/Versions/A/Libraries/libCVMSPluginSupport.dylib
0x0000000000f36000 	/System/Library/Frameworks/OpenGL.framework/Versions/A/Libraries/libCoreVMClient.dylib
0x0000000000f36000 	/System/Library/PrivateFrameworks/FaceCore.framework/Versions/A/FaceCore
0x0000000000f36000 	/System/Library/PrivateFrameworks/CrashReporterSupport.framework/Versions/A/CrashReporterSupport
0x0000000000f36000 	/System/Library/Frameworks/OpenCL.framework/Versions/A/OpenCL
0x0000000000f36000 	/System/Library/PrivateFrameworks/AppleFSCompression.framework/Versions/A/AppleFSCompression
0x0000000000f36000 	/System/Library/PrivateFrameworks/Ubiquity.framework/Versions/A/Ubiquity
0x0000000000f36000 	/System/Library/PrivateFrameworks/IconServices.framework/Versions/A/IconServices
0x0000000000f36000 	/System/Library/PrivateFrameworks/ChunkingLibrary.framework/Versions/A/ChunkingLibrary
0x0000000000f36000 	/System/Library/PrivateFrameworks/CoreSymbolication.framework/Versions/A/CoreSymbolication
0x0000000000f36000 	/System/Library/PrivateFrameworks/Symbolication.framework/Versions/A/Symbolication
0x0000000000f36000 	/System/Library/PrivateFrameworks/DebugSymbols.framework/Versions/A/DebugSymbols
0x0000000102000000 	/Library/Java/JavaVirtualMachines/jdk1.7.0_45.jdk/Contents/Home/jre/lib/server/libjvm.dylib
0x0000000000f36000 	/usr/lib/libstdc++.6.dylib
0x00000001017c6000 	/Library/Java/JavaVirtualMachines/jdk1.7.0_45.jdk/Contents/Home/jre/lib/libverify.dylib
0x0000000102a53000 	/Library/Java/JavaVirtualMachines/jdk1.7.0_45.jdk/Contents/Home/jre/lib/libjava.dylib
0x00000001017dd000 	/Library/Java/JavaVirtualMachines/jdk1.7.0_45.jdk/Contents/Home/jre/lib/libzip.dylib
0x0000000109d6f000 	/System/Library/Frameworks/JavaVM.framework/Frameworks/JavaRuntimeSupport.framework/JavaRuntimeSupport
0x0000000109d87000 	/System/Library/Frameworks/JavaVM.framework/Versions/A/Frameworks/JavaNativeFoundation.framework/Versions/A/JavaNativeFoundation
0x0000000109d9c000 	/System/Library/Frameworks/JavaVM.framework/Versions/A/JavaVM
0x0000000000f36000 	/System/Library/Frameworks/Carbon.framework/Versions/A/Carbon
0x0000000109da9000 	/System/Library/PrivateFrameworks/JavaLaunching.framework/Versions/A/JavaLaunching
0x0000000000f36000 	/System/Library/Frameworks/Carbon.framework/Versions/A/Frameworks/CommonPanels.framework/Versions/A/CommonPanels
0x0000000000f36000 	/System/Library/Frameworks/Carbon.framework/Versions/A/Frameworks/Help.framework/Versions/A/Help
0x0000000000f36000 	/System/Library/Frameworks/Carbon.framework/Versions/A/Frameworks/ImageCapture.framework/Versions/A/ImageCapture
0x0000000000f36000 	/System/Library/Frameworks/Carbon.framework/Versions/A/Frameworks/OpenScripting.framework/Versions/A/OpenScripting
0x0000000000f36000 	/System/Library/Frameworks/Carbon.framework/Versions/A/Frameworks/Print.framework/Versions/A/Print
0x0000000000f36000 	/System/Library/Frameworks/Carbon.framework/Versions/A/Frameworks/SecurityHI.framework/Versions/A/SecurityHI
0x000000010a4c8000 	/private/var/folders/4y/5n39gzk13cg1294w42lpgxf00000gn/T/libgdxtrungnt13/e4139f10/libgdx64.dylib
0x000000010a507000 	/Library/Java/JavaVirtualMachines/jdk1.7.0_45.jdk/Contents/Home/jre/lib/libawt.dylib
0x000000010a5b6000 	/Library/Java/JavaVirtualMachines/jdk1.7.0_45.jdk/Contents/Home/jre/lib/./libmlib_image.dylib
0x000000010a682000 	/Library/Java/JavaVirtualMachines/jdk1.7.0_45.jdk/Contents/Home/jre/lib/lwawt/liblwawt.dylib
0x000000010a736000 	/Library/Java/JavaVirtualMachines/jdk1.7.0_45.jdk/Contents/Home/jre/lib/libosxapp.dylib
0x0000000000f36000 	/System/Library/Frameworks/ExceptionHandling.framework/Versions/A/ExceptionHandling
0x0000000000f36000 	/System/Library/PrivateFrameworks/CoreServicesInternal.framework/Versions/A/CoreServicesInternal
0x0000000000f36000 	/System/Library/PrivateFrameworks/Librarian.framework/Versions/A/Librarian
0x0000000000f36000 	/System/Library/Frameworks/CoreGraphics.framework/Versions/A/Resources/libCGCMS.A.dylib
0x0000000000f36000 	/System/Library/Frameworks/CoreGraphics.framework/Versions/A/Resources/libRIP.A.dylib
0x0000000000f36000 	/System/Library/Frameworks/CoreGraphics.framework/Versions/A/Resources/libCGXType.A.dylib
0x0000000000f36000 	/System/Library/PrivateFrameworks/FamilyControls.framework/Versions/A/FamilyControls
0x0000000000f36000 	/System/Library/PrivateFrameworks/CommerceKit.framework/Versions/A/Frameworks/CommerceCore.framework/Versions/A/CommerceCore
0x0000000000f36000 	/System/Library/PrivateFrameworks/SystemAdministration.framework/Versions/A/SystemAdministration
0x0000000000f36000 	/System/Library/Frameworks/DirectoryService.framework/Versions/A/DirectoryService
0x0000000000f36000 	/System/Library/PrivateFrameworks/DiskImages.framework/Versions/A/DiskImages
0x0000000000f36000 	/System/Library/PrivateFrameworks/LoginUIKit.framework/Versions/A/Frameworks/LoginUICore.framework/Versions/A/LoginUICore
0x0000000000f36000 	/usr/lib/libCoreStorage.dylib
0x0000000000f36000 	/usr/lib/libcsfde.dylib
0x0000000000f36000 	/usr/lib/libodfde.dylib
0x0000000000f36000 	/System/Library/Frameworks/DiscRecording.framework/Versions/A/DiscRecording
0x0000000000f36000 	/usr/lib/libcurl.4.dylib
0x0000000000f36000 	/System/Library/PrivateFrameworks/MediaKit.framework/Versions/A/MediaKit
0x0000000000f36000 	/System/Library/PrivateFrameworks/EFILogin.framework/Versions/A/EFILogin
0x0000000000f36000 	/usr/lib/libutil.dylib
0x0000000000f36000 	/System/Library/PrivateFrameworks/AOSNotification.framework/Versions/A/AOSNotification
0x0000000000f36000 	/System/Library/Frameworks/LDAP.framework/Versions/A/LDAP
0x0000000000f36000 	/usr/lib/libsasl2.2.dylib
0x0000000000f36000 	/usr/lib/libcrypto.0.9.8.dylib
0x0000000000f36000 	/usr/lib/libssl.0.9.8.dylib
0x000000010e929000 	/Library/Java/JavaVirtualMachines/jdk1.7.0_45.jdk/Contents/Home/jre/lib/libfontmanager.dylib
0x000000010e98d000 	/private/var/folders/4y/5n39gzk13cg1294w42lpgxf00000gn/T/libgdxtrungnt13/45614fc1/liblwjgl.dylib
0x000000010c148000 	/Library/Java/JavaVirtualMachines/jdk1.7.0_45.jdk/Contents/Home/jre/lib/libjawt.dylib
0x000000010ea0c000 	/var/folders/4y/5n39gzk13cg1294w42lpgxf00000gn/T/libgdxtrungnt13/45614fc1/openal.dylib
0x000000010ea68000 	/System/Library/Components/CoreAudio.component/Contents/MacOS/CoreAudio
0x000000010c173000 	/System/Library/Extensions/AppleHDA.kext/Contents/PlugIns/AppleHDAHALPlugIn.bundle/Contents/MacOS/AppleHDAHALPlugIn
0x0000000000f36000 	/System/Library/Frameworks/OpenGL.framework/Versions/A/Resources/GLEngine.bundle/GLEngine
0x0000000000f36000 	/System/Library/Frameworks/OpenGL.framework/Versions/A/Libraries/libGLProgrammability.dylib
0x0000000000000000 	/System/Library/Extensions/AppleIntelHD5000GraphicsGLDriver.bundle/Contents/MacOS/AppleIntelHD5000GraphicsGLDriver
0x0000000000f36000 	/System/Library/PrivateFrameworks/IOAccelerator.framework/Versions/A/IOAccelerator
0x0000000000f36000 	/System/Library/PrivateFrameworks/GPUSupport.framework/Versions/A/Libraries/libGPUSupportMercury.dylib
0x0000000000f36000 	/System/Library/Frameworks/OpenGL.framework/Versions/A/Resources/GLRendererFloat.bundle/GLRendererFloat
0x0000000000f36000 	/System/Library/Frameworks/OpenCL.framework/Versions/A/Libraries/libcldcpuengine.dylib
0x000000010cfdb000 	cl_kernels
0x000000010f72a000 	/System/Library/Frameworks/OpenCL.framework/Versions/A/Libraries/ImageFormats/unorm8_bgra.dylib
0x000000010cfe1000 	cl_kernels
0x000000010ff9d000 	/private/var/folders/4y/5n39gzk13cg1294w42lpgxf00000gn/T/libgdxtrungnt13/e75f8f11/libgdx-freetype64.dylib

VM Arguments:
jvm_args: -Dfile.encoding=UTF-8 
java_command: com.ict.Main
Launcher Type: SUN_STANDARD

Environment Variables:
PATH=/usr/bin:/bin:/usr/sbin:/sbin
SHELL=/bin/bash
DISPLAY=/tmp/launch-GmqldK/org.macosforge.xquartz:0

Signal Handlers:
SIGSEGV: [libjvm.dylib+0x525415], sa_mask[0]=0xfffefeff, sa_flags=0x00000043
SIGBUS: [libjvm.dylib+0x525415], sa_mask[0]=0xfffefeff, sa_flags=0x00000042
SIGFPE: [libjvm.dylib+0x41891a], sa_mask[0]=0xfffefeff, sa_flags=0x00000042
SIGPIPE: [libjvm.dylib+0x41891a], sa_mask[0]=0xfffefeff, sa_flags=0x00000042
SIGXFSZ: [libjvm.dylib+0x41891a], sa_mask[0]=0xfffefeff, sa_flags=0x00000042
SIGILL: [libjvm.dylib+0x41891a], sa_mask[0]=0xfffefeff, sa_flags=0x00000042
SIGUSR1: SIG_DFL, sa_mask[0]=0x00000000, sa_flags=0x00000002
SIGUSR2: [libjvm.dylib+0x41840c], sa_mask[0]=0x00000004, sa_flags=0x00000042
SIGHUP: [libjvm.dylib+0x41669b], sa_mask[0]=0xfffefeff, sa_flags=0x00000042
SIGINT: [libjvm.dylib+0x41669b], sa_mask[0]=0xfffefeff, sa_flags=0x00000042
SIGTERM: [libjvm.dylib+0x41669b], sa_mask[0]=0xfffefeff, sa_flags=0x00000042
SIGQUIT: [libjvm.dylib+0x41669b], sa_mask[0]=0xfffefeff, sa_flags=0x00000042


---------------  S Y S T E M  ---------------

OS:Bsduname:Darwin 13.3.0 Darwin Kernel Version 13.3.0: Tue Jun  3 21:27:35 PDT 2014; root:xnu-2422.110.17~1/RELEASE_X86_64 x86_64
rlimit: STACK 8192k, CORE 0k, NPROC 709, NOFILE 10240, AS infinity
load average:1.55 1.73 1.80

CPU:total 4 (2 cores per cpu, 2 threads per core) family 6 model 69 stepping 1, cmov, cx8, fxsr, mmx, sse, sse2, sse3, ssse3, sse4.1, sse4.2, popcnt, avx, avx2, aes, erms, ht, tsc, tscinvbit

Memory: 4k page, physical 4194304k(1048576k free)

/proc/meminfo:


vm_info: Java HotSpot(TM) 64-Bit Server VM (24.45-b08) for bsd-amd64 JRE (1.7.0_45-b18), built on Oct  8 2013 05:54:16 by "java_re" with gcc 4.2.1 (Based on Apple Inc. build 5658) (LLVM build 2336.11.00)

time: Fri Aug  1 19:48:59 2014
elapsed time: 34 seconds

