#
# A fatal error has been detected by the Java Runtime Environment:
#
#  SIGSEGV (0xb) at pc=0x00007fff81bb3097, pid=5184, tid=1287
#
# JRE version: Java(TM) SE Runtime Environment (7.0_45-b18) (build 1.7.0_45-b18)
# Java VM: Java HotSpot(TM) 64-Bit Server VM (24.45-b08 mixed mode bsd-amd64 compressed oops)
# Problematic frame:
# C  [libobjc.A.dylib+0x5097]  objc_msgSend+0x17
#
# Failed to write core dump. Core dumps have been disabled. To enable core dumping, try "ulimit -c unlimited" before starting Java again
#
# If you would like to submit a bug report, please visit:
#   http://bugreport.sun.com/bugreport/crash.jsp
# The crash happened outside the Java Virtual Machine in native code.
# See problematic frame for where to report the bug.
#

---------------  T H R E A D  ---------------

Current thread (0x00007fd3f485e000):  JavaThread "AppKit Thread" daemon [_thread_in_native, id=1287, stack(0x00007fff559f1000,0x00007fff55a71000)]

siginfo:si_signo=SIGSEGV: si_errno=0, si_code=1 (SEGV_MAPERR), si_addr=0x0000000000000018

Registers:
RAX=0x00007fd3f3d6ab00, RBX=0x00000000000f42ec, RCX=0x0000000000000000, RDX=0x00007fd3f3d77530
RSP=0x00007fff55a6c268, RBP=0x00007fff55a6c270, RSI=0x00007fff8c5ebb9f, RDI=0x00007fd3f3d6ab00
R8 =0x0000000000000040, R9 =0x00007fff55a6c200, R10=0x00007fff8c5ebb9f, R11=0x0000000000000000
R12=0x00000000000f42ec, R13=0x00007fff55a6c438, R14=0x00007fd3f3d94cf0, R15=0x00007fff55a6c398
RIP=0x00007fff81bb3097, EFLAGS=0x0000000000010246, ERR=0x0000000000000004
  TRAPNO=0x000000000000000e

Top of Stack: (sp=0x00007fff55a6c268)
0x00007fff55a6c268:   00007fff88ac1e0c 00007fff55a6c5d0
0x00007fff55a6c278:   00007fff889b582d 00007fff55a6c360
0x00007fff55a6c288:   00007fff8cc9c6ca 00007fff55a6c2c0
0x00007fff55a6c298:   00007fff81bcba02 0000000000000798
0x00007fff55a6c2a8:   00000000000f42ee 0000000000000002
0x00007fff55a6c2b8:   00007fd3f3c68b20 00007fd3f3c68460
0x00007fff55a6c2c8:   00007fd3f3f00a30 00007fd3f3d77530
0x00007fff55a6c2d8:   00007fff55a6c390 0000000000000000
0x00007fff55a6c2e8:   00000000000f42ec 0000000000000051
0x00007fff55a6c2f8:   00007fff55a6c410 0000000000000000
0x00007fff55a6c308:   0000000000000001 00007fd3f3f00a20
0x00007fff55a6c318:   000000000000004f 00000000000557f6
0x00007fff55a6c328:   0000010000000000 00007fff7367ba60
0x00007fff55a6c338:   0000206000ce16ea 00007fff55a6c490
0x00007fff55a6c348:   0000000000000000 00007fff55a6c428
0x00007fff55a6c358:   00007fff55a6c408 00007fff7367ba48
0x00007fff55a6c368:   0000000000000000 0000000000000000
0x00007fff55a6c378:   00007fff8dce16ea 00007fff730b5d38
0x00007fff55a6c388:   0000000000000000 00007fd3f3c68ba0
0x00007fff55a6c398:   00007fd3f3d94cf0 00007fff8d13ab08
0x00007fff55a6c3a8:   0000000000000000 00007fff55a6c470
0x00007fff55a6c3b8:   00007fff8e467dde 00007fff7321b0d0
0x00007fff55a6c3c8:   0000000042000000 00007fff8e4701d1
0x00007fff55a6c3d8:   00007fff73657b40 00007fff55a6c4d8
0x00007fff55a6c3e8:   00007fff55a6c408 00007fff55a6c428
0x00007fff55a6c3f8:   0000000000000000 000000010a1a8001
0x00007fff55a6c408:   0000000000000000 000000000000004d
0x00007fff55a6c418:   0000000000000000 00000000000f42e2
0x00007fff55a6c428:   000000000000004f 0000000000000000
0x00007fff55a6c438:   00000000000f42ec 0000000155a6c4e0
0x00007fff55a6c448:   00007fff8dce2261 00007fff71110748
0x00007fff55a6c458:   00007fff7111074c 000000007110c1b8 

Instructions: (pc=0x00007fff81bb3097)
0x00007fff81bb3077:   90 90 90 90 90 90 90 90 90 48 85 ff 2e 74 72 40
0x00007fff81bb3087:   f6 c7 01 2e 0f 85 7e 00 00 00 4c 8b 1f 49 89 f2
0x00007fff81bb3097:   45 23 53 18 49 c1 e2 04 4d 03 53 10 49 3b 32 75
0x00007fff81bb30a7:   04 41 ff 62 08 49 83 3a 00 74 74 4d 3b 53 10 74 

Register to memory mapping:

RAX=0x00007fd3f3d6ab00 is an unknown value
RBX=0x00000000000f42ec is an unknown value
RCX=0x0000000000000000 is an unknown value
RDX=0x00007fd3f3d77530 is an unknown value
RSP=0x00007fff55a6c268 is pointing into the stack for thread: 0x00007fd3f485e000
RBP=0x00007fff55a6c270 is pointing into the stack for thread: 0x00007fd3f485e000
RSI=0x00007fff8c5ebb9f: NSAppKitVersionNumber+0x5358f in /System/Library/Frameworks/AppKit.framework/Versions/C/AppKit at 0x00007fff8bb48000
RDI=0x00007fd3f3d6ab00 is an unknown value
R8 =0x0000000000000040 is an unknown value
R9 =0x00007fff55a6c200 is pointing into the stack for thread: 0x00007fd3f485e000
R10=0x00007fff8c5ebb9f: NSAppKitVersionNumber+0x5358f in /System/Library/Frameworks/AppKit.framework/Versions/C/AppKit at 0x00007fff8bb48000
R11=0x0000000000000000 is an unknown value
R12=0x00000000000f42ec is an unknown value
R13=0x00007fff55a6c438 is pointing into the stack for thread: 0x00007fd3f485e000
R14=0x00007fd3f3d94cf0 is an unknown value
R15=0x00007fff55a6c398 is pointing into the stack for thread: 0x00007fd3f485e000


Stack: [0x00007fff559f1000,0x00007fff55a71000],  sp=0x00007fff55a6c268,  free space=492k
Native frames: (J=compiled Java code, j=interpreted, Vv=VM code, C=native code)
C  [libobjc.A.dylib+0x5097]  objc_msgSend+0x17
C  [CoreFoundation+0x1082d]  _CFXNotificationPost+0xb4d
C  [Foundation+0x27ba]  -[NSNotificationCenter postNotificationName:object:userInfo:]+0x44
C  [AppKit+0x10f5a9]  -[NSSurface _disposeSurface]+0x98
C  [AppKit+0x10f045]  -[NSSurface setWindow:]+0x46
C  [AppKit+0x3af27]  -[NSView _setWindow:]+0x8ea
C  [AppKit+0x3bf7a]  -[NSView removeFromSuperview]+0x15e
C  [AppKit+0x986e9]  -[NSView removeFromSuperviewWithoutNeedingDisplay]+0x26
C  [liblwjgl.dylib+0x9c3e]  +[MacOSXKeyableWindow destroyWindow]+0xde
C  [Foundation+0x6313e]  __NSThreadPerformPerform+0xe5
C  [CoreFoundation+0x7f5b1]  __CFRUNLOOP_IS_CALLING_OUT_TO_A_SOURCE0_PERFORM_FUNCTION__+0x11
C  [CoreFoundation+0x70c62]  __CFRunLoopDoSources0+0xf2
C  [CoreFoundation+0x703ef]  __CFRunLoopRun+0x33f
C  [CoreFoundation+0x6fe75]  CFRunLoopRunSpecific+0x135
C  [HIToolbox+0x2ea0d]  RunCurrentEventLoopInMode+0xe2
C  [HIToolbox+0x2e7b7]  ReceiveNextEventCommon+0x1df
C  [HIToolbox+0x2e5bc]  _BlockUntilNextEventMatchingListInModeWithFilter+0x41
C  [AppKit+0x2424e]  _DPSNextEvent+0x59a
C  [AppKit+0x2389b]  -[NSApplication nextEventMatchingMask:untilDate:inMode:dequeue:]+0x7a
C  [libosxapp.dylib+0x16f4]  -[NSApplicationAWT nextEventMatchingMask:untilDate:inMode:dequeue:]+0x7c
C  [AppKit+0x1799c]  -[NSApplication run]+0x229
C  [libosxapp.dylib+0x1557]  +[NSApplicationAWT runAWTLoopWithApp:]+0x9c
C  [liblwawt.dylib+0xdba9]  -[AWTStarter starter:]+0x369
C  [Foundation+0x6313e]  __NSThreadPerformPerform+0xe5
C  [CoreFoundation+0x7f5b1]  __CFRUNLOOP_IS_CALLING_OUT_TO_A_SOURCE0_PERFORM_FUNCTION__+0x11
C  [CoreFoundation+0x70c62]  __CFRunLoopDoSources0+0xf2
C  [CoreFoundation+0x703ef]  __CFRunLoopRun+0x33f
C  [CoreFoundation+0x6fe75]  CFRunLoopRunSpecific+0x135
C  [java+0x73b0]  CreateExecutionEnvironment+0x367
C  [java+0x1b5c]  JLI_Launch+0x7a0
C  [java+0x770d]  main+0x65
C  [java+0x13b4]  start+0x34


---------------  P R O C E S S  ---------------

Java Threads: ( => current thread )
  0x00007fd3f49e6000 JavaThread "AWT-Shutdown" [_thread_blocked, id=28951, stack(0x0000000114af8000,0x0000000114bf8000)]
  0x00007fd3f400e000 JavaThread "DestroyJavaVM" [_thread_blocked, id=6403, stack(0x000000010a2a4000,0x000000010a3a4000)]
  0x00007fd3f40f3800 JavaThread "LWJGL Application" [_thread_in_native, id=62467, stack(0x00000001179dd000,0x0000000117add000)]
=>0x00007fd3f485e000 JavaThread "AppKit Thread" daemon [_thread_in_native, id=1287, stack(0x00007fff559f1000,0x00007fff55a71000)]
  0x00007fd3f4804000 JavaThread "Service Thread" daemon [_thread_blocked, id=19203, stack(0x0000000112dab000,0x0000000112eab000)]
  0x00007fd3f4803800 JavaThread "C2 CompilerThread1" daemon [_thread_blocked, id=18691, stack(0x0000000112ca8000,0x0000000112da8000)]
  0x00007fd3f4063800 JavaThread "C2 CompilerThread0" daemon [_thread_blocked, id=18179, stack(0x0000000112ba5000,0x0000000112ca5000)]
  0x00007fd3f5008000 JavaThread "Signal Dispatcher" daemon [_thread_blocked, id=17667, stack(0x0000000112aa2000,0x0000000112ba2000)]
  0x00007fd3f405f800 JavaThread "Finalizer" daemon [_thread_blocked, id=12547, stack(0x0000000112853000,0x0000000112953000)]
  0x00007fd3f405d000 JavaThread "Reference Handler" daemon [_thread_blocked, id=12035, stack(0x0000000112750000,0x0000000112850000)]

Other Threads:
  0x00007fd3f405c000 VMThread [stack: 0x000000011264d000,0x000000011274d000] [id=11523]
  0x00007fd3f4815000 WatcherThread [stack: 0x0000000112eae000,0x0000000112fae000] [id=19715]

VM state:not at safepoint (normal execution)

VM Mutex/Monitor currently owned by a thread: None

Heap
 PSYoungGen      total 19456K, used 9847K [0x00000007eaa80000, 0x00000007ec000000, 0x0000000800000000)
  eden space 16896K, 43% used [0x00000007eaa80000,0x00000007eb19ff18,0x00000007ebb00000)
  from space 2560K, 99% used [0x00000007ebb00000,0x00000007ebd7df20,0x00000007ebd80000)
  to   space 2560K, 0% used [0x00000007ebd80000,0x00000007ebd80000,0x00000007ec000000)
 ParOldGen       total 43520K, used 575K [0x00000007c0000000, 0x00000007c2a80000, 0x00000007eaa80000)
  object space 43520K, 1% used [0x00000007c0000000,0x00000007c008fc40,0x00000007c2a80000)
 PSPermGen       total 21504K, used 8413K [0x00000007bae00000, 0x00000007bc300000, 0x00000007c0000000)
  object space 21504K, 39% used [0x00000007bae00000,0x00000007bb6375c0,0x00000007bc300000)

Card table byte_map: [0x000000010e713000,0x000000010e93d000] byte_map_base: 0x000000010a93c000

Polling page: 0x000000010a3e3000

Code Cache  [0x000000010b653000, 0x000000010b8c3000, 0x000000010e653000)
 total_blobs=464 nmethods=99 adapters=319 free_code_cache=48421Kb largest_free_block=49555648

Compilation events (10 events):
Event: 5.614 Thread 0x00007fd3f4063800   95             java.util.ArrayList::access$100 (5 bytes)
Event: 5.614 Thread 0x00007fd3f4063800 nmethod 95 0x000000010b707050 code [0x000000010b707180, 0x000000010b7071d8]
Event: 5.797 Thread 0x00007fd3f4803800   96             com.badlogic.gdx.graphics.g2d.Sprite::draw (18 bytes)
Event: 5.797 Thread 0x00007fd3f4063800   97             com.badlogic.gdx.graphics.g2d.SpriteBatch::draw (165 bytes)
Event: 5.803 Thread 0x00007fd3f4803800 nmethod 96 0x000000010b707c10 code [0x000000010b707de0, 0x000000010b708270]
Event: 5.803 Thread 0x00007fd3f4063800 nmethod 97 0x000000010b7013d0 code [0x000000010b701580, 0x000000010b7019e8]
Event: 5.831 Thread 0x00007fd3f4803800   98             com.badlogic.gdx.graphics.g2d.SpriteBatch::flush (185 bytes)
Event: 5.831 Thread 0x00007fd3f4063800   99             com.badlogic.gdx.graphics.Mesh::getIndicesBuffer (10 bytes)
Event: 5.832 Thread 0x00007fd3f4063800 nmethod 99 0x000000010b7010d0 code [0x000000010b701220, 0x000000010b7012b8]
Event: 5.842 Thread 0x00007fd3f4803800 nmethod 98 0x000000010b705bd0 code [0x000000010b705da0, 0x000000010b706308]

GC Heap History (2 events):
Event: 1.071 GC heap before
{Heap before GC invocations=1 (full 0):
 PSYoungGen      total 19456K, used 16896K [0x00000007eaa80000, 0x00000007ec000000, 0x0000000800000000)
  eden space 16896K, 100% used [0x00000007eaa80000,0x00000007ebb00000,0x00000007ebb00000)
  from space 2560K, 0% used [0x00000007ebd80000,0x00000007ebd80000,0x00000007ec000000)
  to   space 2560K, 0% used [0x00000007ebb00000,0x00000007ebb00000,0x00000007ebd80000)
 ParOldGen       total 43520K, used 0K [0x00000007c0000000, 0x00000007c2a80000, 0x00000007eaa80000)
  object space 43520K, 0% used [0x00000007c0000000,0x00000007c0000000,0x00000007c2a80000)
 PSPermGen       total 21504K, used 7263K [0x00000007bae00000, 0x00000007bc300000, 0x00000007c0000000)
  object space 21504K, 33% used [0x00000007bae00000,0x00000007bb517e40,0x00000007bc300000)
Event: 1.077 GC heap after
Heap after GC invocations=1 (full 0):
 PSYoungGen      total 19456K, used 2551K [0x00000007eaa80000, 0x00000007ec000000, 0x0000000800000000)
  eden space 16896K, 0% used [0x00000007eaa80000,0x00000007eaa80000,0x00000007ebb00000)
  from space 2560K, 99% used [0x00000007ebb00000,0x00000007ebd7df20,0x00000007ebd80000)
  to   space 2560K, 0% used [0x00000007ebd80000,0x00000007ebd80000,0x00000007ec000000)
 ParOldGen       total 43520K, used 575K [0x00000007c0000000, 0x00000007c2a80000, 0x00000007eaa80000)
  object space 43520K, 1% used [0x00000007c0000000,0x00000007c008fc40,0x00000007c2a80000)
 PSPermGen       total 21504K, used 7263K [0x00000007bae00000, 0x00000007bc300000, 0x00000007c0000000)
  object space 21504K, 33% used [0x00000007bae00000,0x00000007bb517e40,0x00000007bc300000)
}

Deoptimization events (1 events):
Event: 0.902 Thread 0x00007fd3f40f3800 Uncommon trap: reason=unloaded action=reinterpret pc=0x000000010b6db484 method=com.badlogic.gdx.graphics.g2d.freetype.FreeTypeFontGenerator.generateData(Lcom/badlogic/gdx/graphics/g2d/freetype/FreeTypeFontGenerator$FreeTypeFontParameter;)Lcom/badlogic/gdx

Internal exceptions (10 events):
Event: 1.848 Thread 0x00007fd3f40f3800 Threw 0x00000007eaf4d950 at /HUDSON/workspace/7u-2-build-macosx-x86_64/jdk7u45/229/hotspot/src/share/vm/prims/jvm.cpp:1244
Event: 1.849 Thread 0x00007fd3f40f3800 Threw 0x00000007eaf56640 at /HUDSON/workspace/7u-2-build-macosx-x86_64/jdk7u45/229/hotspot/src/share/vm/prims/jvm.cpp:1244
Event: 1.850 Thread 0x00007fd3f40f3800 Threw 0x00000007eaf5df18 at /HUDSON/workspace/7u-2-build-macosx-x86_64/jdk7u45/229/hotspot/src/share/vm/prims/jvm.cpp:1244
Event: 1.851 Thread 0x00007fd3f40f3800 Threw 0x00000007eaf9fde0 at /HUDSON/workspace/7u-2-build-macosx-x86_64/jdk7u45/229/hotspot/src/share/vm/prims/jvm.cpp:1244
Event: 1.852 Thread 0x00007fd3f40f3800 Threw 0x00000007eafa9930 at /HUDSON/workspace/7u-2-build-macosx-x86_64/jdk7u45/229/hotspot/src/share/vm/prims/jvm.cpp:1244
Event: 1.853 Thread 0x00007fd3f40f3800 Threw 0x00000007eafafe58 at /HUDSON/workspace/7u-2-build-macosx-x86_64/jdk7u45/229/hotspot/src/share/vm/prims/jvm.cpp:1244
Event: 5.863 Thread 0x00007fd3f40f3800 Threw 0x00000007eb1723b0 at /HUDSON/workspace/7u-2-build-macosx-x86_64/jdk7u45/229/hotspot/src/share/vm/prims/jvm.cpp:1244
Event: 5.869 Thread 0x00007fd3f40f3800 Threw 0x00000007eb1788e0 at /HUDSON/workspace/7u-2-build-macosx-x86_64/jdk7u45/229/hotspot/src/share/vm/prims/jvm.cpp:1244
Event: 5.873 Thread 0x00007fd3f40f3800 Threw 0x00000007eb180c20 at /HUDSON/workspace/7u-2-build-macosx-x86_64/jdk7u45/229/hotspot/src/share/vm/prims/jvm.cpp:1244
Event: 5.877 Thread 0x00007fd3f40f3800 Threw 0x00000007eb1894e0 at /HUDSON/workspace/7u-2-build-macosx-x86_64/jdk7u45/229/hotspot/src/share/vm/prims/jvm.cpp:1244

Events (10 events):
Event: 4.225 Thread 0x00007fd3f49e6000 Thread added: 0x00007fd3f49e6000
Event: 5.863 loading class 0x00007fd3f3f09630
Event: 5.863 loading class 0x00007fd3f3f09630 done
Event: 5.868 loading class 0x00007fd3f3e0b040
Event: 5.868 loading class 0x00007fd3f3e0b040 done
Event: 5.873 loading class 0x00007fd3f3e15e10
Event: 5.873 loading class 0x00007fd3f3e15e10 done
Event: 5.874 Thread 0x00007fd3f49a7000 Thread exited: 0x00007fd3f49a7000
Event: 5.877 loading class 0x00007fd3f3d5dc90
Event: 5.877 loading class 0x00007fd3f3d5dc90 done


Dynamic libraries:
0x0000000000f36000 	/System/Library/Frameworks/Cocoa.framework/Versions/A/Cocoa
0x0000000000f36000 	/System/Library/Frameworks/Security.framework/Versions/A/Security
0x0000000000f36000 	/System/Library/Frameworks/ApplicationServices.framework/Versions/A/ApplicationServices
0x0000000000f36000 	/usr/lib/libz.1.dylib
0x0000000000f36000 	/usr/lib/libSystem.B.dylib
0x0000000000f36000 	/usr/lib/libobjc.A.dylib
0x0000000000f36000 	/System/Library/Frameworks/CoreFoundation.framework/Versions/A/CoreFoundation
0x0000000000f36000 	/System/Library/Frameworks/Foundation.framework/Versions/C/Foundation
0x0000000000f36000 	/System/Library/Frameworks/AppKit.framework/Versions/C/AppKit
0x0000000000f36000 	/System/Library/Frameworks/CoreData.framework/Versions/A/CoreData
0x0000000000f36000 	/System/Library/PrivateFrameworks/RemoteViewServices.framework/Versions/A/RemoteViewServices
0x0000000000f36000 	/System/Library/Frameworks/AudioToolbox.framework/Versions/A/AudioToolbox
0x0000000000f36000 	/System/Library/Frameworks/AudioUnit.framework/Versions/A/AudioUnit
0x0000000000f36000 	/System/Library/PrivateFrameworks/DataDetectorsCore.framework/Versions/A/DataDetectorsCore
0x0000000000f36000 	/System/Library/PrivateFrameworks/DesktopServicesPriv.framework/Versions/A/DesktopServicesPriv
0x0000000000f36000 	/System/Library/Frameworks/Carbon.framework/Versions/A/Frameworks/HIToolbox.framework/Versions/A/HIToolbox
0x0000000000f36000 	/System/Library/Frameworks/QuartzCore.framework/Versions/A/QuartzCore
0x0000000000f36000 	/System/Library/Frameworks/Carbon.framework/Versions/A/Frameworks/SpeechRecognition.framework/Versions/A/SpeechRecognition
0x0000000000f36000 	/usr/lib/libauto.dylib
0x0000000000f36000 	/usr/lib/libicucore.A.dylib
0x0000000000f36000 	/usr/lib/libxml2.2.dylib
0x0000000000f36000 	/System/Library/PrivateFrameworks/CoreUI.framework/Versions/A/CoreUI
0x0000000000f36000 	/System/Library/Frameworks/CoreAudio.framework/Versions/A/CoreAudio
0x0000000000f36000 	/System/Library/Frameworks/DiskArbitration.framework/Versions/A/DiskArbitration
0x0000000000f36000 	/usr/lib/liblangid.dylib
0x0000000000f36000 	/System/Library/PrivateFrameworks/MultitouchSupport.framework/Versions/A/MultitouchSupport
0x0000000000f36000 	/System/Library/Frameworks/IOKit.framework/Versions/A/IOKit
0x0000000000f36000 	/usr/lib/libDiagnosticMessagesClient.dylib
0x0000000000f36000 	/System/Library/Frameworks/CoreServices.framework/Versions/A/CoreServices
0x0000000000f36000 	/System/Library/PrivateFrameworks/PerformanceAnalysis.framework/Versions/A/PerformanceAnalysis
0x0000000000f36000 	/System/Library/PrivateFrameworks/GenerationalStorage.framework/Versions/A/GenerationalStorage
0x0000000000f36000 	/System/Library/Frameworks/OpenGL.framework/Versions/A/OpenGL
0x0000000000f36000 	/System/Library/PrivateFrameworks/Sharing.framework/Versions/A/Sharing
0x0000000000f36000 	/System/Library/Frameworks/ImageIO.framework/Versions/A/ImageIO
0x0000000000f36000 	/System/Library/Frameworks/CoreText.framework/Versions/A/CoreText
0x0000000000f36000 	/System/Library/Frameworks/CoreGraphics.framework/Versions/A/CoreGraphics
0x0000000000f36000 	/System/Library/PrivateFrameworks/Backup.framework/Versions/A/Backup
0x0000000000f36000 	/System/Library/Frameworks/CFNetwork.framework/Versions/A/CFNetwork
0x0000000000f36000 	/System/Library/Frameworks/SystemConfiguration.framework/Versions/A/SystemConfiguration
0x0000000000f36000 	/usr/lib/libCRFSuite.dylib
0x0000000000f36000 	/usr/lib/libc++.1.dylib
0x0000000000f36000 	/usr/lib/libc++abi.dylib
0x0000000000f36000 	/usr/lib/system/libcache.dylib
0x0000000000f36000 	/usr/lib/system/libcommonCrypto.dylib
0x0000000000f36000 	/usr/lib/system/libcompiler_rt.dylib
0x0000000000f36000 	/usr/lib/system/libcopyfile.dylib
0x0000000000f36000 	/usr/lib/system/libcorecrypto.dylib
0x0000000000f36000 	/usr/lib/system/libdispatch.dylib
0x0000000000f36000 	/usr/lib/system/libdyld.dylib
0x0000000000f36000 	/usr/lib/system/libkeymgr.dylib
0x0000000000f36000 	/usr/lib/system/liblaunch.dylib
0x0000000000f36000 	/usr/lib/system/libmacho.dylib
0x0000000000f36000 	/usr/lib/system/libquarantine.dylib
0x0000000000f36000 	/usr/lib/system/libremovefile.dylib
0x0000000000f36000 	/usr/lib/system/libsystem_asl.dylib
0x0000000000f36000 	/usr/lib/system/libsystem_blocks.dylib
0x0000000000f36000 	/usr/lib/system/libsystem_c.dylib
0x0000000000f36000 	/usr/lib/system/libsystem_configuration.dylib
0x0000000000f36000 	/usr/lib/system/libsystem_dnssd.dylib
0x0000000000f36000 	/usr/lib/system/libsystem_info.dylib
0x0000000000f36000 	/usr/lib/system/libsystem_kernel.dylib
0x0000000000f36000 	/usr/lib/system/libsystem_m.dylib
0x0000000000f36000 	/usr/lib/system/libsystem_malloc.dylib
0x0000000000f36000 	/usr/lib/system/libsystem_network.dylib
0x0000000000f36000 	/usr/lib/system/libsystem_notify.dylib
0x0000000000f36000 	/usr/lib/system/libsystem_platform.dylib
0x0000000000f36000 	/usr/lib/system/libsystem_pthread.dylib
0x0000000000f36000 	/usr/lib/system/libsystem_sandbox.dylib
0x0000000000f36000 	/usr/lib/system/libsystem_stats.dylib
0x0000000000f36000 	/usr/lib/system/libunc.dylib
0x0000000000f36000 	/usr/lib/system/libunwind.dylib
0x0000000000f36000 	/usr/lib/system/libxpc.dylib
0x0000000000f36000 	/usr/lib/libbsm.0.dylib
0x0000000000f36000 	/usr/lib/libsqlite3.dylib
0x0000000000f36000 	/usr/lib/libxar.1.dylib
0x0000000000f36000 	/usr/lib/libpam.2.dylib
0x0000000000f36000 	/usr/lib/libOpenScriptingUtil.dylib
0x0000000000f36000 	/usr/lib/libbz2.1.0.dylib
0x0000000000f36000 	/System/Library/Frameworks/CoreServices.framework/Versions/A/Frameworks/CarbonCore.framework/Versions/A/CarbonCore
0x0000000000f36000 	/System/Library/Frameworks/CoreServices.framework/Versions/A/Frameworks/Metadata.framework/Versions/A/Metadata
0x0000000000f36000 	/System/Library/Frameworks/CoreServices.framework/Versions/A/Frameworks/OSServices.framework/Versions/A/OSServices
0x0000000000f36000 	/System/Library/Frameworks/CoreServices.framework/Versions/A/Frameworks/SearchKit.framework/Versions/A/SearchKit
0x0000000000f36000 	/System/Library/Frameworks/CoreServices.framework/Versions/A/Frameworks/AE.framework/Versions/A/AE
0x0000000000f36000 	/System/Library/Frameworks/CoreServices.framework/Versions/A/Frameworks/LaunchServices.framework/Versions/A/LaunchServices
0x0000000000f36000 	/System/Library/Frameworks/CoreServices.framework/Versions/A/Frameworks/DictionaryServices.framework/Versions/A/DictionaryServices
0x0000000000f36000 	/System/Library/Frameworks/NetFS.framework/Versions/A/NetFS
0x0000000000f36000 	/usr/lib/system/libkxld.dylib
0x0000000000f36000 	/System/Library/PrivateFrameworks/NetAuth.framework/Versions/A/NetAuth
0x0000000000f36000 	/System/Library/PrivateFrameworks/TCC.framework/Versions/A/TCC
0x0000000000f36000 	/System/Library/Frameworks/OpenDirectory.framework/Versions/A/Frameworks/CFOpenDirectory.framework/Versions/A/CFOpenDirectory
0x0000000000f36000 	/System/Library/Frameworks/ServiceManagement.framework/Versions/A/ServiceManagement
0x0000000000f36000 	/usr/lib/libxslt.1.dylib
0x0000000000f36000 	/System/Library/Frameworks/Carbon.framework/Versions/A/Frameworks/Ink.framework/Versions/A/Ink
0x0000000000f36000 	/System/Library/Frameworks/ApplicationServices.framework/Versions/A/Frameworks/ATS.framework/Versions/A/ATS
0x0000000000f36000 	/System/Library/Frameworks/ApplicationServices.framework/Versions/A/Frameworks/ColorSync.framework/Versions/A/ColorSync
0x0000000000f36000 	/System/Library/Frameworks/ApplicationServices.framework/Versions/A/Frameworks/HIServices.framework/Versions/A/HIServices
0x0000000000f36000 	/System/Library/Frameworks/ApplicationServices.framework/Versions/A/Frameworks/LangAnalysis.framework/Versions/A/LangAnalysis
0x0000000000f36000 	/System/Library/Frameworks/ApplicationServices.framework/Versions/A/Frameworks/PrintCore.framework/Versions/A/PrintCore
0x0000000000f36000 	/System/Library/Frameworks/ApplicationServices.framework/Versions/A/Frameworks/QD.framework/Versions/A/QD
0x0000000000f36000 	/System/Library/Frameworks/ApplicationServices.framework/Versions/A/Frameworks/SpeechSynthesis.framework/Versions/A/SpeechSynthesis
0x0000000000f36000 	/System/Library/Frameworks/IOSurface.framework/Versions/A/IOSurface
0x0000000000f36000 	/System/Library/Frameworks/Accelerate.framework/Versions/A/Accelerate
0x0000000000f36000 	/System/Library/Frameworks/Accelerate.framework/Versions/A/Frameworks/vImage.framework/Versions/A/vImage
0x0000000000f36000 	/System/Library/Frameworks/Accelerate.framework/Versions/A/Frameworks/vecLib.framework/Versions/A/vecLib
0x0000000000f36000 	/System/Library/Frameworks/Accelerate.framework/Versions/A/Frameworks/vecLib.framework/Versions/A/libvDSP.dylib
0x0000000000f36000 	/System/Library/Frameworks/Accelerate.framework/Versions/A/Frameworks/vecLib.framework/Versions/A/libvMisc.dylib
0x0000000000f36000 	/System/Library/Frameworks/Accelerate.framework/Versions/A/Frameworks/vecLib.framework/Versions/A/libLAPACK.dylib
0x0000000000f36000 	/System/Library/Frameworks/Accelerate.framework/Versions/A/Frameworks/vecLib.framework/Versions/A/libBLAS.dylib
0x0000000000f36000 	/System/Library/Frameworks/ApplicationServices.framework/Versions/A/Frameworks/ATS.framework/Versions/A/Resources/libFontParser.dylib
0x0000000000f36000 	/System/Library/Frameworks/ApplicationServices.framework/Versions/A/Frameworks/ATS.framework/Versions/A/Resources/libFontRegistry.dylib
0x0000000000f36000 	/System/Library/Frameworks/ImageIO.framework/Versions/A/Resources/libJPEG.dylib
0x0000000000f36000 	/System/Library/Frameworks/ImageIO.framework/Versions/A/Resources/libTIFF.dylib
0x0000000000f36000 	/System/Library/Frameworks/ImageIO.framework/Versions/A/Resources/libPng.dylib
0x0000000000f36000 	/System/Library/Frameworks/ImageIO.framework/Versions/A/Resources/libGIF.dylib
0x0000000000f36000 	/System/Library/Frameworks/ImageIO.framework/Versions/A/Resources/libJP2.dylib
0x0000000000f36000 	/System/Library/Frameworks/ImageIO.framework/Versions/A/Resources/libRadiance.dylib
0x0000000000f36000 	/usr/lib/libcups.2.dylib
0x0000000000f36000 	/System/Library/Frameworks/Kerberos.framework/Versions/A/Kerberos
0x0000000000f36000 	/System/Library/Frameworks/GSS.framework/Versions/A/GSS
0x0000000000f36000 	/usr/lib/libresolv.9.dylib
0x0000000000f36000 	/usr/lib/libiconv.2.dylib
0x0000000000f36000 	/System/Library/PrivateFrameworks/Heimdal.framework/Versions/A/Heimdal
0x0000000000f36000 	/System/Library/PrivateFrameworks/TrustEvaluationAgent.framework/Versions/A/TrustEvaluationAgent
0x0000000000f36000 	/usr/lib/libheimdal-asn1.dylib
0x0000000000f36000 	/System/Library/Frameworks/OpenDirectory.framework/Versions/A/OpenDirectory
0x0000000000f36000 	/System/Library/PrivateFrameworks/CommonAuth.framework/Versions/A/CommonAuth
0x0000000000f36000 	/System/Library/Frameworks/SecurityFoundation.framework/Versions/A/SecurityFoundation
0x0000000000f36000 	/System/Library/PrivateFrameworks/Bom.framework/Versions/A/Bom
0x0000000000f36000 	/System/Library/Frameworks/CoreVideo.framework/Versions/A/CoreVideo
0x0000000000f36000 	/System/Library/Frameworks/QuartzCore.framework/Versions/A/Frameworks/CoreImage.framework/Versions/A/CoreImage
0x0000000000f36000 	/System/Library/Frameworks/QuartzCore.framework/Versions/A/Frameworks/ScalableUserInterface.framework/Versions/A/ScalableUserInterface
0x0000000000f36000 	/System/Library/Frameworks/OpenGL.framework/Versions/A/Libraries/libGLU.dylib
0x0000000000f36000 	/System/Library/Frameworks/OpenGL.framework/Versions/A/Libraries/libGFXShared.dylib
0x0000000000f36000 	/System/Library/Frameworks/OpenGL.framework/Versions/A/Libraries/libGL.dylib
0x0000000000f36000 	/System/Library/Frameworks/OpenGL.framework/Versions/A/Libraries/libGLImage.dylib
0x0000000000f36000 	/System/Library/Frameworks/OpenGL.framework/Versions/A/Libraries/libCVMSPluginSupport.dylib
0x0000000000f36000 	/System/Library/Frameworks/OpenGL.framework/Versions/A/Libraries/libCoreVMClient.dylib
0x0000000000f36000 	/System/Library/PrivateFrameworks/FaceCore.framework/Versions/A/FaceCore
0x0000000000f36000 	/System/Library/PrivateFrameworks/CrashReporterSupport.framework/Versions/A/CrashReporterSupport
0x0000000000f36000 	/System/Library/Frameworks/OpenCL.framework/Versions/A/OpenCL
0x0000000000f36000 	/System/Library/PrivateFrameworks/AppleFSCompression.framework/Versions/A/AppleFSCompression
0x0000000000f36000 	/System/Library/PrivateFrameworks/Ubiquity.framework/Versions/A/Ubiquity
0x0000000000f36000 	/System/Library/PrivateFrameworks/IconServices.framework/Versions/A/IconServices
0x0000000000f36000 	/System/Library/PrivateFrameworks/ChunkingLibrary.framework/Versions/A/ChunkingLibrary
0x0000000000f36000 	/System/Library/PrivateFrameworks/CoreSymbolication.framework/Versions/A/CoreSymbolication
0x0000000000f36000 	/System/Library/PrivateFrameworks/Symbolication.framework/Versions/A/Symbolication
0x0000000000f36000 	/System/Library/PrivateFrameworks/DebugSymbols.framework/Versions/A/DebugSymbols
0x000000010ac00000 	/Library/Java/JavaVirtualMachines/jdk1.7.0_45.jdk/Contents/Home/jre/lib/server/libjvm.dylib
0x0000000000f36000 	/usr/lib/libstdc++.6.dylib
0x000000010a3a6000 	/Library/Java/JavaVirtualMachines/jdk1.7.0_45.jdk/Contents/Home/jre/lib/libverify.dylib
0x000000010a3b3000 	/Library/Java/JavaVirtualMachines/jdk1.7.0_45.jdk/Contents/Home/jre/lib/libjava.dylib
0x000000010a3ed000 	/Library/Java/JavaVirtualMachines/jdk1.7.0_45.jdk/Contents/Home/jre/lib/libzip.dylib
0x0000000112955000 	/System/Library/Frameworks/JavaVM.framework/Frameworks/JavaRuntimeSupport.framework/JavaRuntimeSupport
0x000000011296d000 	/System/Library/Frameworks/JavaVM.framework/Versions/A/Frameworks/JavaNativeFoundation.framework/Versions/A/JavaNativeFoundation
0x0000000112982000 	/System/Library/Frameworks/JavaVM.framework/Versions/A/JavaVM
0x0000000000f36000 	/System/Library/Frameworks/Carbon.framework/Versions/A/Carbon
0x000000011298f000 	/System/Library/PrivateFrameworks/JavaLaunching.framework/Versions/A/JavaLaunching
0x0000000000f36000 	/System/Library/Frameworks/Carbon.framework/Versions/A/Frameworks/CommonPanels.framework/Versions/A/CommonPanels
0x0000000000f36000 	/System/Library/Frameworks/Carbon.framework/Versions/A/Frameworks/Help.framework/Versions/A/Help
0x0000000000f36000 	/System/Library/Frameworks/Carbon.framework/Versions/A/Frameworks/ImageCapture.framework/Versions/A/ImageCapture
0x0000000000f36000 	/System/Library/Frameworks/Carbon.framework/Versions/A/Frameworks/OpenScripting.framework/Versions/A/OpenScripting
0x0000000000f36000 	/System/Library/Frameworks/Carbon.framework/Versions/A/Frameworks/Print.framework/Versions/A/Print
0x0000000000f36000 	/System/Library/Frameworks/Carbon.framework/Versions/A/Frameworks/SecurityHI.framework/Versions/A/SecurityHI
0x00000001130a8000 	/private/var/folders/4y/5n39gzk13cg1294w42lpgxf00000gn/T/libgdxtrungnt13/e4139f10/libgdx64.dylib
0x00000001130e7000 	/Library/Java/JavaVirtualMachines/jdk1.7.0_45.jdk/Contents/Home/jre/lib/libawt.dylib
0x0000000113196000 	/Library/Java/JavaVirtualMachines/jdk1.7.0_45.jdk/Contents/Home/jre/lib/./libmlib_image.dylib
0x0000000113262000 	/Library/Java/JavaVirtualMachines/jdk1.7.0_45.jdk/Contents/Home/jre/lib/lwawt/liblwawt.dylib
0x0000000113316000 	/Library/Java/JavaVirtualMachines/jdk1.7.0_45.jdk/Contents/Home/jre/lib/libosxapp.dylib
0x0000000000f36000 	/System/Library/Frameworks/ExceptionHandling.framework/Versions/A/ExceptionHandling
0x0000000000f36000 	/System/Library/PrivateFrameworks/CoreServicesInternal.framework/Versions/A/CoreServicesInternal
0x0000000000f36000 	/System/Library/PrivateFrameworks/Librarian.framework/Versions/A/Librarian
0x0000000000f36000 	/System/Library/Frameworks/CoreGraphics.framework/Versions/A/Resources/libCGCMS.A.dylib
0x0000000000f36000 	/System/Library/Frameworks/CoreGraphics.framework/Versions/A/Resources/libRIP.A.dylib
0x0000000000f36000 	/System/Library/Frameworks/CoreGraphics.framework/Versions/A/Resources/libCGXType.A.dylib
0x0000000000f36000 	/System/Library/PrivateFrameworks/FamilyControls.framework/Versions/A/FamilyControls
0x0000000000f36000 	/System/Library/PrivateFrameworks/CommerceKit.framework/Versions/A/Frameworks/CommerceCore.framework/Versions/A/CommerceCore
0x0000000000f36000 	/System/Library/PrivateFrameworks/SystemAdministration.framework/Versions/A/SystemAdministration
0x0000000000f36000 	/System/Library/Frameworks/DirectoryService.framework/Versions/A/DirectoryService
0x0000000000f36000 	/System/Library/PrivateFrameworks/DiskImages.framework/Versions/A/DiskImages
0x0000000000f36000 	/System/Library/PrivateFrameworks/LoginUIKit.framework/Versions/A/Frameworks/LoginUICore.framework/Versions/A/LoginUICore
0x0000000000f36000 	/usr/lib/libCoreStorage.dylib
0x0000000000f36000 	/usr/lib/libcsfde.dylib
0x0000000000f36000 	/usr/lib/libodfde.dylib
0x0000000000f36000 	/System/Library/Frameworks/DiscRecording.framework/Versions/A/DiscRecording
0x0000000000f36000 	/usr/lib/libcurl.4.dylib
0x0000000000f36000 	/System/Library/PrivateFrameworks/MediaKit.framework/Versions/A/MediaKit
0x0000000000f36000 	/System/Library/PrivateFrameworks/EFILogin.framework/Versions/A/EFILogin
0x0000000000f36000 	/usr/lib/libutil.dylib
0x0000000000f36000 	/System/Library/PrivateFrameworks/AOSNotification.framework/Versions/A/AOSNotification
0x0000000000f36000 	/System/Library/Frameworks/LDAP.framework/Versions/A/LDAP
0x0000000000f36000 	/usr/lib/libsasl2.2.dylib
0x0000000000f36000 	/usr/lib/libcrypto.0.9.8.dylib
0x0000000000f36000 	/usr/lib/libssl.0.9.8.dylib
0x0000000117509000 	/Library/Java/JavaVirtualMachines/jdk1.7.0_45.jdk/Contents/Home/jre/lib/libfontmanager.dylib
0x000000011756d000 	/private/var/folders/4y/5n39gzk13cg1294w42lpgxf00000gn/T/libgdxtrungnt13/45614fc1/liblwjgl.dylib
0x0000000114d28000 	/Library/Java/JavaVirtualMachines/jdk1.7.0_45.jdk/Contents/Home/jre/lib/libjawt.dylib
0x00000001175ec000 	/var/folders/4y/5n39gzk13cg1294w42lpgxf00000gn/T/libgdxtrungnt13/45614fc1/openal.dylib
0x0000000117648000 	/System/Library/Components/CoreAudio.component/Contents/MacOS/CoreAudio
0x0000000114d53000 	/System/Library/Extensions/AppleHDA.kext/Contents/PlugIns/AppleHDAHALPlugIn.bundle/Contents/MacOS/AppleHDAHALPlugIn
0x0000000000f36000 	/System/Library/Frameworks/OpenGL.framework/Versions/A/Resources/GLEngine.bundle/GLEngine
0x0000000000f36000 	/System/Library/Frameworks/OpenGL.framework/Versions/A/Libraries/libGLProgrammability.dylib
0x0000000000000000 	/System/Library/Extensions/AppleIntelHD5000GraphicsGLDriver.bundle/Contents/MacOS/AppleIntelHD5000GraphicsGLDriver
0x0000000000f36000 	/System/Library/PrivateFrameworks/IOAccelerator.framework/Versions/A/IOAccelerator
0x0000000000f36000 	/System/Library/PrivateFrameworks/GPUSupport.framework/Versions/A/Libraries/libGPUSupportMercury.dylib
0x0000000000f36000 	/System/Library/Frameworks/OpenGL.framework/Versions/A/Resources/GLRendererFloat.bundle/GLRendererFloat
0x0000000000f36000 	/System/Library/Frameworks/OpenCL.framework/Versions/A/Libraries/libcldcpuengine.dylib
0x0000000115bbb000 	cl_kernels
0x000000011830a000 	/System/Library/Frameworks/OpenCL.framework/Versions/A/Libraries/ImageFormats/unorm8_bgra.dylib
0x0000000115bc1000 	cl_kernels
0x0000000118c5a000 	/private/var/folders/4y/5n39gzk13cg1294w42lpgxf00000gn/T/libgdxtrungnt13/e75f8f11/libgdx-freetype64.dylib

VM Arguments:
jvm_args: -Dfile.encoding=UTF-8 
java_command: com.ict.Main
Launcher Type: SUN_STANDARD

Environment Variables:
PATH=/usr/bin:/bin:/usr/sbin:/sbin
SHELL=/bin/bash
DISPLAY=/tmp/launch-GmqldK/org.macosforge.xquartz:0

Signal Handlers:
SIGSEGV: [libjvm.dylib+0x525415], sa_mask[0]=0xfffefeff, sa_flags=0x00000043
SIGBUS: [libjvm.dylib+0x525415], sa_mask[0]=0xfffefeff, sa_flags=0x00000042
SIGFPE: [libjvm.dylib+0x41891a], sa_mask[0]=0xfffefeff, sa_flags=0x00000042
SIGPIPE: [libjvm.dylib+0x41891a], sa_mask[0]=0xfffefeff, sa_flags=0x00000042
SIGXFSZ: [libjvm.dylib+0x41891a], sa_mask[0]=0xfffefeff, sa_flags=0x00000042
SIGILL: [libjvm.dylib+0x41891a], sa_mask[0]=0xfffefeff, sa_flags=0x00000042
SIGUSR1: SIG_DFL, sa_mask[0]=0x00000000, sa_flags=0x00000002
SIGUSR2: [libjvm.dylib+0x41840c], sa_mask[0]=0x00000004, sa_flags=0x00000042
SIGHUP: [libjvm.dylib+0x41669b], sa_mask[0]=0xfffefeff, sa_flags=0x00000042
SIGINT: [libjvm.dylib+0x41669b], sa_mask[0]=0xfffefeff, sa_flags=0x00000042
SIGTERM: [libjvm.dylib+0x41669b], sa_mask[0]=0xfffefeff, sa_flags=0x00000042
SIGQUIT: [libjvm.dylib+0x41669b], sa_mask[0]=0xfffefeff, sa_flags=0x00000042


---------------  S Y S T E M  ---------------

OS:Bsduname:Darwin 13.3.0 Darwin Kernel Version 13.3.0: Tue Jun  3 21:27:35 PDT 2014; root:xnu-2422.110.17~1/RELEASE_X86_64 x86_64
rlimit: STACK 8192k, CORE 0k, NPROC 709, NOFILE 10240, AS infinity
load average:1.40 1.53 1.55

CPU:total 4 (2 cores per cpu, 2 threads per core) family 6 model 69 stepping 1, cmov, cx8, fxsr, mmx, sse, sse2, sse3, ssse3, sse4.1, sse4.2, popcnt, avx, avx2, aes, erms, ht, tsc, tscinvbit

Memory: 4k page, physical 4194304k(1048576k free)

/proc/meminfo:


vm_info: Java HotSpot(TM) 64-Bit Server VM (24.45-b08) for bsd-amd64 JRE (1.7.0_45-b18), built on Oct  8 2013 05:54:16 by "java_re" with gcc 4.2.1 (Based on Apple Inc. build 5658) (LLVM build 2336.11.00)

time: Sat Aug  2 01:11:39 2014
elapsed time: 5 seconds

